============================= test session starts =============================
platform win32 -- Python 3.12.x, pytest-8.x, pluggy-1.x
rootdir: C:\Users\ivn_b\Desktop\invest-bot-suite
configfile: pytest.ini
collected 139 items

tests/test_backtest_deepseek.py ........................................ [ 28%]
tests/test_calibration_2B_override_wiring.py .......                     [ 33%]
tests/test_calibration_runner_2B.py .................................... [ 59%]
tests/test_risk_atr_stop_v0_5.py .............                           [ 68%]
tests/test_risk_dd_v0_5.py .................                             [ 81%]
tests/test_risk_manager_v0_5.py ..........................               [100%]

139 passed in 10.64s
