============================= test session starts =============================
platform win32 -- Python 3.13.3, pytest-8.4.1, pluggy-1.6.0
rootdir: C:\Users\ivn_b\Desktop\invest-bot-suite
configfile: pytest.ini
collected 142 items

tests/test_backtest_deepseek.py ........................................ [ 28%]
tests/test_calibration_2B_grid_discriminates.py ..s                      [ 30%]
tests/test_calibration_2B_override_wiring.py .......                     [ 35%]
tests/test_calibration_runner_2B.py .................................... [ 61%]
tests/test_risk_atr_stop_v0_5.py .............                           [ 70%]
tests/test_risk_dd_v0_5.py .................                             [ 82%]
tests/test_risk_manager_v0_5.py ..........................               [100%]

141 passed, 1 skipped in 13.57s
