============================= test session starts ==============================
platform linux -- Python 3.12.3, pytest-8.4.1, pluggy-1.6.0 -- /mnt/c/Users/ivn_b/Desktop/invest-bot-suite/.venv/bin/python
cachedir: .pytest_cache
rootdir: /mnt/c/Users/ivn_b/Desktop/invest-bot-suite
configfile: pytest.ini
plugins: anyio-4.10.0
collecting ... collected 11 items

tests/test_live_loop_stepper_3C_smoke.py::TestDeterminism::test_same_seed_produces_identical_output PASSED [  9%]
tests/test_live_loop_stepper_3C_smoke.py::TestDeterminism::test_different_seed_produces_different_output PASSED [ 18%]
tests/test_live_loop_stepper_3C_smoke.py::TestFileGeneration::test_events_ndjson_created PASSED [ 27%]
tests/test_live_loop_stepper_3C_smoke.py::TestFileGeneration::test_run_meta_json_created PASSED [ 36%]
tests/test_live_loop_stepper_3C_smoke.py::TestFileGeneration::test_state_db_created PASSED [ 45%]
tests/test_live_loop_stepper_3C_smoke.py::TestRiskVersions::test_v04_runs_successfully PASSED [ 54%]
tests/test_live_loop_stepper_3C_smoke.py::TestRiskVersions::test_v06_runs_successfully PASSED [ 63%]
tests/test_live_loop_stepper_3C_smoke.py::TestTraceChain::test_trace_id_propagation PASSED [ 72%]
tests/test_live_loop_stepper_3C_smoke.py::TestCanonicalRiskDecision::test_v04_emits_v1_decision PASSED [ 81%]
tests/test_live_loop_stepper_3C_smoke.py::TestObservability::test_observability_fields_present PASSED [ 90%]
tests/test_live_loop_stepper_3C_smoke.py::TestDeterministicJsonFile::test_events_ndjson_sorted_keys PASSED [100%]

============================== 11 passed in 3.64s ==============================
