============================= test session starts =============================
platform win32 -- Python 3.13.3, pytest-8.4.1, pluggy-1.6.0 -- C:\Program Files\Python313\python.exe
cachedir: .pytest_cache
rootdir: C:\Users\ivn_b\Desktop\invest-bot-suite
configfile: pytest.ini
plugins: anyio-4.9.0
collecting ... collected 5 items

tests/test_retry_idempotency_integration_3F2.py::TestFlakyAdapterRetry::test_flaky_adapter_retries_succeed PASSED [ 20%]
tests/test_retry_idempotency_integration_3F2.py::TestFlakyAdapterRetry::test_retry_exhausted_no_report PASSED [ 40%]
tests/test_retry_idempotency_integration_3F2.py::TestIdempotencyPrevention::test_duplicate_decision_produces_single_fill PASSED [ 60%]
tests/test_retry_idempotency_integration_3F2.py::TestIdempotencyPrevention::test_different_orders_not_affected PASSED [ 80%]
tests/test_retry_idempotency_integration_3F2.py::TestNoRealSleep::test_default_sleep_is_noop PASSED [100%]

============================== 5 passed in 0.51s ==============================
