============================= test session starts =============================
platform win32 -- Python 3.13.3, pytest-8.4.1, pluggy-1.6.0
rootdir: C:\Users\ivn_b\Desktop\invest-bot-suite
configfile: pytest.ini
collected 152 items

tests/test_backtest_deepseek.py ........................................ [ 26%]
tests/test_calibration_2B_grid_discriminates.py ..s                      [ 28%]
tests/test_calibration_2B_override_wiring.py .......                     [ 33%]
tests/test_calibration_runner_2B.py .................................... [ 57%]
tests/test_load_ohlcv.py .........s                                      [ 63%]
tests/test_risk_atr_stop_v0_5.py .............                           [ 72%]
tests/test_risk_dd_v0_5.py .................                             [ 83%]
tests/test_risk_manager_v0_5.py ..........................               [100%]

150 passed, 2 skipped in 14.08s
