======================== test session starts =========================
platform win32 -- Python 3.13.3, pytest-8.4.1, pluggy-1.6.0
rootdir: C:\Users\ivn_b\Desktop\invest-bot-suite
configfile: pytest.ini
collected 173 items

tests/test_backtest_deepseek.py ........................................ [ 23%]
tests/test_calibration_2B_grid_discriminates.py ..s                      [ 25%]
tests/test_calibration_2B_override_wiring.py .......                     [ 29%]
tests/test_calibration_multiseed_2G.py ......                            [ 32%]
tests/test_calibration_runner_2B.py ...................                  [ 44%]
tests/test_load_ohlcv.py .................s                              [ 54%]
tests/test_realdata_smoke_2F.py ssss                                     [ 57%]
tests/test_risk_atr_stop_v0_5.py .............                           [ 64%]
tests/test_risk_dd_v0_5.py .................                             [ 74%]
tests/test_risk_manager_v0_5.py ..........................               [ 89%]
tests/test_runner_realdata_wiring_2F3.py ...                             [100%]

167 passed, 6 skipped in 15.84s
